#
# There is insufficient memory for the Java Runtime Environment to continue.
# Native memory allocation (mmap) failed to map 132120576 bytes for G1 virtual space
# Possible reasons:
#   The system is out of physical RAM or swap space
#   The process is running with CompressedOops enabled, and the Java Heap may be blocking the growth of the native heap
# Possible solutions:
#   Reduce memory load on the system
#   Increase physical memory or swap space
#   Check if swap backing store is full
#   Decrease Java heap size (-Xmx/-Xms)
#   Decrease number of Java threads
#   Decrease Java thread stack sizes (-Xss)
#   Set larger code cache with -XX:ReservedCodeCacheSize=
#   JVM is running with Unscaled Compressed Oops mode in which the Java heap is
#     placed in the first 4GB address space. The Java Heap base address is the
#     maximum limit for the native heap growth. Please use -XX:HeapBaseMinAddress
#     to set the Java Heap base and to place the Java Heap above 4GB virtual address.
# This output file may be truncated or incomplete.
#
#  Out of Memory Error (os_windows.cpp:3600), pid=25004, tid=21516
#
# JRE version:  (21.0.2+13) (build )
# Java VM: Java HotSpot(TM) 64-Bit Server VM (21.0.2+13-LTS-58, mixed mode, sharing, tiered, compressed oops, compressed class ptrs, g1 gc, windows-amd64)
# No core dump will be written. Minidumps are not enabled by default on client versions of Windows
#

---------------  S U M M A R Y ------------

Command Line: -Dfile.encoding=UTF-8 -Dstdout.encoding=UTF-8 -Dstderr.encoding=UTF-8 --module-path=C:\Users\vigne\eclipse-workspace\Mynewprojecct\bin -XX:+ShowCodeDetailsInExceptionMessages -Djdk.module.main=Mynewprojecct Mynewprojecct/myNewPackage.RelationalOperator

Host: Intel(R) Core(TM) i7-8750H CPU @ 2.20GHz, 12 cores, 7G,  Windows 11 , 64 bit Build 22621 (10.0.22621.3527)
Time: Fri Jun  7 21:05:23 2024 India Standard Time elapsed time: 0.019079 seconds (0d 0h 0m 0s)

---------------  T H R E A D  ---------------

Current thread (0x000002500b3bad90):  JavaThread "Unknown thread" [_thread_in_vm, id=21516, stack(0x000000a3eb400000,0x000000a3eb500000) (1024K)]

Stack: [0x000000a3eb400000,0x000000a3eb500000]
Native frames: (J=compiled Java code, j=interpreted, Vv=VM code, C=native code)
V  [jvm.dll+0x6cade9]
V  [jvm.dll+0x8569c1]
V  [jvm.dll+0x858d2e]
V  [jvm.dll+0x859413]
V  [jvm.dll+0x280e56]
V  [jvm.dll+0x6c74d5]
V  [jvm.dll+0x6bbeca]
V  [jvm.dll+0x355bca]
V  [jvm.dll+0x35d816]
V  [jvm.dll+0x3ae67e]
V  [jvm.dll+0x3ae928]
V  [jvm.dll+0x3295dc]
V  [jvm.dll+0x32a16b]
V  [jvm.dll+0x81efa9]
V  [jvm.dll+0x3bba01]
V  [jvm.dll+0x807928]
V  [jvm.dll+0x44f50e]
V  [jvm.dll+0x450e11]
C  [jli.dll+0x52a3]
C  [ucrtbase.dll+0x29333]
C  [KERNEL32.DLL+0x1257d]
C  [ntdll.dll+0x5aa48]


---------------  P R O C E S S  ---------------

Threads class SMR info:
_java_thread_list=0x00007fff5ff7bb88, length=0, elements={
}

Java Threads: ( => current thread )
Total: 0

Other Threads:
  0x000002500d620ad0 WorkerThread "GC Thread#0"                     [id=36728, stack(0x000000a3eb500000,0x000000a3eb600000) (1024K)]
  0x000002500d633f20 ConcurrentGCThread "G1 Main Marker"            [id=29204, stack(0x000000a3eb600000,0x000000a3eb700000) (1024K)]
  0x000002500d635770 WorkerThread "G1 Conc#0"                       [id=27948, stack(0x000000a3eb700000,0x000000a3eb800000) (1024K)]

[error occurred during error reporting (printing all threads), id 0xc0000005, EXCEPTION_ACCESS_VIOLATION (0xc0000005) at pc=0x00007fff5f6ec6a7]
VM state: not at safepoint (not fully initialized)

VM Mutex/Monitor currently owned by a thread:  ([mutex/lock_event])
[0x00007fff5ffece68] Heap_lock - owner thread: 0x000002500b3bad90

Heap address: 0x0000000082200000, size: 2014 MB, Compressed Oops mode: 32-bit

CDS archive(s) mapped at: [0x0000000000000000-0x0000000000000000-0x0000000000000000), size 0, SharedBaseAddress: 0x0000000800000000, ArchiveRelocationMode: 1.
Narrow klass base: 0x0000000000000000, Narrow klass shift: 0, Narrow klass range: 0x0

GC Precious Log:
 CardTable entry size: 512
 Card Set container configuration: InlinePtr #cards 5 size 8 Array Of Cards #cards 12 size 40 Howl #buckets 4 coarsen threshold 1843 Howl Bitmap #cards 512 size 80 coarsen threshold 460 Card regions per heap region 1 cards per card region 2048

Heap:
 garbage-first heap   total 0K, used 0K [0x0000000082200000, 0x0000000100000000)
  region size 1024K, 0 young (0K), 0 survivors (0K)

[error occurred during error reporting (printing heap information), id 0xc0000005, EXCEPTION_ACCESS_VIOLATION (0xc0000005) at pc=0x00007fff5fad39f9]
GC Heap History (0 events):
No events

Dll operation events (1 events):
Event: 0.012 Loaded shared library C:\Program Files\Java\jdk-21\bin\java.dll

Deoptimization events (0 events):
No events

Classes loaded (0 events):
No events

Classes unloaded (0 events):
No events

Classes redefined (0 events):
No events

Internal exceptions (0 events):
No events

ZGC Phase Switch (0 events):
No events

VM Operations (0 events):
No events

Events (0 events):
No events


Dynamic libraries:
0x00007ff778cc0000 - 0x00007ff778cd0000 	C:\Program Files\Java\jdk-21\bin\javaw.exe
0x00007fffe5c90000 - 0x00007fffe5ea7000 	C:\WINDOWS\SYSTEM32\ntdll.dll
0x00007fffe4280000 - 0x00007fffe4344000 	C:\WINDOWS\System32\KERNEL32.DLL
0x00007fffe3240000 - 0x00007fffe35e7000 	C:\WINDOWS\System32\KERNELBASE.dll
0x00007fffe3120000 - 0x00007fffe3231000 	C:\WINDOWS\System32\ucrtbase.dll
0x00007fffce250000 - 0x00007fffce269000 	C:\Program Files\Java\jdk-21\bin\jli.dll
0x00007fffe4430000 - 0x00007fffe44e2000 	C:\WINDOWS\System32\ADVAPI32.dll
0x00007fffc6c30000 - 0x00007fffc6c4b000 	C:\Program Files\Java\jdk-21\bin\VCRUNTIME140.dll
0x00007fffe48e0000 - 0x00007fffe4987000 	C:\WINDOWS\System32\msvcrt.dll
0x00007fffe47c0000 - 0x00007fffe4868000 	C:\WINDOWS\System32\sechost.dll
0x00007fffe30c0000 - 0x00007fffe30e8000 	C:\WINDOWS\System32\bcrypt.dll
0x00007fffe46a0000 - 0x00007fffe47b5000 	C:\WINDOWS\System32\RPCRT4.dll
0x00007fffe4990000 - 0x00007fffe4b3e000 	C:\WINDOWS\System32\USER32.dll
0x00007fffc1e90000 - 0x00007fffc2123000 	C:\WINDOWS\WinSxS\amd64_microsoft.windows.common-controls_6595b64144ccf1df_6.0.22621.3527_none_270e469b73872a76\COMCTL32.dll
0x00007fffe30f0000 - 0x00007fffe3116000 	C:\WINDOWS\System32\win32u.dll
0x00007fffe3a10000 - 0x00007fffe3a39000 	C:\WINDOWS\System32\GDI32.dll
0x00007fffe3730000 - 0x00007fffe3849000 	C:\WINDOWS\System32\gdi32full.dll
0x00007fffda730000 - 0x00007fffda73a000 	C:\WINDOWS\SYSTEM32\VERSION.dll
0x00007fffe2fb0000 - 0x00007fffe304a000 	C:\WINDOWS\System32\msvcp_win.dll
0x00007fffe5420000 - 0x00007fffe5451000 	C:\WINDOWS\System32\IMM32.DLL
0x00007fffdc920000 - 0x00007fffdc92c000 	C:\Program Files\Java\jdk-21\bin\vcruntime140_1.dll
0x00007fffa3bf0000 - 0x00007fffa3c7e000 	C:\Program Files\Java\jdk-21\bin\msvcp140.dll
0x00007fff5f3b0000 - 0x00007fff600c7000 	C:\Program Files\Java\jdk-21\bin\server\jvm.dll
0x00007fffe5b40000 - 0x00007fffe5bb1000 	C:\WINDOWS\System32\WS2_32.dll
0x00007fffe1e30000 - 0x00007fffe1e7d000 	C:\WINDOWS\SYSTEM32\POWRPROF.dll
0x00007fffdad50000 - 0x00007fffdad84000 	C:\WINDOWS\SYSTEM32\WINMM.dll
0x00007fffe1e10000 - 0x00007fffe1e23000 	C:\WINDOWS\SYSTEM32\UMPDC.dll
0x00007fffe20c0000 - 0x00007fffe20d8000 	C:\WINDOWS\SYSTEM32\kernel.appcore.dll
0x00007fffda0e0000 - 0x00007fffda0ea000 	C:\Program Files\Java\jdk-21\bin\jimage.dll
0x00007fffe0930000 - 0x00007fffe0b62000 	C:\WINDOWS\SYSTEM32\DBGHELP.DLL
0x00007fffe3b20000 - 0x00007fffe3ea8000 	C:\WINDOWS\System32\combase.dll
0x00007fffe41a0000 - 0x00007fffe4277000 	C:\WINDOWS\System32\OLEAUT32.dll
0x00007fffc9c50000 - 0x00007fffc9c82000 	C:\WINDOWS\SYSTEM32\dbgcore.DLL
0x00007fffe36b0000 - 0x00007fffe3729000 	C:\WINDOWS\System32\bcryptPrimitives.dll
0x00007fffba090000 - 0x00007fffba0af000 	C:\Program Files\Java\jdk-21\bin\java.dll

dbghelp: loaded successfully - version: 4.0.5 - missing functions: none
symbol engine: initialized successfully - sym options: 0x614 - pdb path: .;C:\Program Files\Java\jdk-21\bin;C:\WINDOWS\SYSTEM32;C:\WINDOWS\WinSxS\amd64_microsoft.windows.common-controls_6595b64144ccf1df_6.0.22621.3527_none_270e469b73872a76;C:\Program Files\Java\jdk-21\bin\server

VM Arguments:
jvm_args: -Dfile.encoding=UTF-8 -Dstdout.encoding=UTF-8 -Dstderr.encoding=UTF-8 --module-path=C:\Users\vigne\eclipse-workspace\Mynewprojecct\bin -XX:+ShowCodeDetailsInExceptionMessages -Djdk.module.main=Mynewprojecct 
java_command: Mynewprojecct/myNewPackage.RelationalOperator
java_class_path (initial): <not set>
Launcher Type: SUN_STANDARD

[Global flags]
     intx CICompilerCount                          = 4                                         {product} {ergonomic}
     uint ConcGCThreads                            = 3                                         {product} {ergonomic}
     uint G1ConcRefinementThreads                  = 10                                        {product} {ergonomic}
   size_t G1HeapRegionSize                         = 1048576                                   {product} {ergonomic}
    uintx GCDrainStackTargetSize                   = 64                                        {product} {ergonomic}
   size_t InitialHeapSize                          = 132120576                                 {product} {ergonomic}
   size_t MarkStackSize                            = 4194304                                   {product} {ergonomic}
   size_t MaxHeapSize                              = 2111832064                                {product} {ergonomic}
   size_t MinHeapDeltaBytes                        = 1048576                                   {product} {ergonomic}
   size_t MinHeapSize                              = 8388608                                   {product} {ergonomic}
    uintx NonNMethodCodeHeapSize                   = 5839372                                {pd product} {ergonomic}
    uintx NonProfiledCodeHeapSize                  = 122909434                              {pd product} {ergonomic}
    uintx ProfiledCodeHeapSize                     = 122909434                              {pd product} {ergonomic}
    uintx ReservedCodeCacheSize                    = 251658240                              {pd product} {ergonomic}
     bool SegmentedCodeCache                       = true                                      {product} {ergonomic}
     bool ShowCodeDetailsInExceptionMessages       = true                                   {manageable} {command line}
   size_t SoftMaxHeapSize                          = 2111832064                             {manageable} {ergonomic}
     bool UseCompressedOops                        = true                           {product lp64_product} {ergonomic}
     bool UseG1GC                                  = true                                      {product} {ergonomic}
     bool UseLargePagesIndividualAllocation        = false                                  {pd product} {ergonomic}

Logging:
Log output configuration:
 #0: stdout all=warning uptime,level,tags foldmultilines=false
 #1: stderr all=off uptime,level,tags foldmultilines=false

Environment Variables:
JAVA_HOME=C:\Users\vigne\jdk-11
PATH=C:\Program Files\Common Files\Oracle\Java\javapath;D:\Informatica\clients\tools\datadirect;C:\Informatica\10.2.0\java\jre\bin\server;C:\Informatica\10.2.0\tools\odbcdrv;C:\Informatica\10.2.0\tools\jdbcdrv;C:\Informatica\10.2.0\tools\sharedlibs;C:\Informatica\10.2.0\tools\datadirect;C:\oraclexe\app\oracle\product\11.2.0\server\bin;;C:\Program Files\Open SHH\OpenSSH-Win64;C:\Users\vigne\ORACLE21C\WINDOWS.X64_213000_db_home\bin;D:\Informatica\clients\tools\datadirect;D:\Informatica\java\jre\bin\server;D:\Informatica\tools\odbcdrv;D:\Informatica\tools\jdbcdrv;D:\Informatica\tools\sharedlibs;D:\Informatica\tools\datadirect;D:\Resume\app\oracle\product\11.2.0\server\bin;C:\Program Files (x86)\VMware\VMware Player\bin\;C:\Informatica\9.0.1\clients\tools\datadirect;C:\Informatica\9.0.1\tools\datadirect;C:\Program Files (x86)\Intel\Intel(R) Management Engine Components\iCLS\;C:\Program Files\Intel\Intel(R) Management Engine Components\iCLS\;C:\Windows\system32;C:\Windows;C:\Windows\System32\Wbem;C:\Windows\System32\WindowsPowerShell\v1.0\;C:\Windows\System32\OpenSSH\;C:\Program Files (x86)\NVIDIA Corporation\PhysX\Common;C:\Program Files (x86)\Intel\Intel(R) Management Engine Components\DAL;C:\Program Files\Intel\Intel(R) Management Engine Components\DAL;C:\Program Files (x86)\Intel\Intel(R) Management Engine Components\IPT;C:\Program Files\Intel\Intel(R) Management Engine Components\IPT;C:\Program Files\Intel\WiFi\bin\;C:\Program Files\Common Files\Intel\WirelessCommon\;C:\WINDOWS\system32;C:\WINDOWS;C:\WINDOWS\System32\Wbem;C:\WINDOWS\System32\WindowsPowerShell\v1.0\;C:\WINDOWS\System32\OpenSSH\;D:\Python Projects;D:\Python Projects\Jarvis;C:\Program Files\Git\cmd;%PYSPARK_PYTHON%\bin;C:\Users\vigne\jdk-11\bin;C:\Program Files\PuTTY\;C:\Users\vigne\AppData\Local\Programs\Python\Python311\Lib\site-packages\boto3;C:\Users\vigne\AppData\Local\Programs\Python\Python311\Lib\site-packages\psycopg2;C:\Program Files\Amazon\AWSCLIV2\;C:\Program Files\nodejs\;C:\Users\vigne\AppData\Local\Programs\Python\Python311\Scripts\;C:\Users\vigne\AppData\Local\Programs\Python\Python311\;C:\Users\vigne\AppData\Local\Microsoft\WindowsApps;C:\Users\vigne\.dotnet\tools;C:\Users\vigne\AppData\Local\Programs\Microsoft VS Code\bin;C:\Users\vigne\AppData\Local\Programs\Python\Python311\Lib\site-packages\pyspark;C:\Users\vigne\jdk-11;;C:\Users\vigne\AppData\Local\Microsoft\WindowsApps;C:\Users\vigne\AppData\Roaming\npm
USERNAME=vigne
OS=Windows_NT
PROCESSOR_IDENTIFIER=Intel64 Family 6 Model 158 Stepping 10, GenuineIntel
TMP=C:\Users\vigne\AppData\Local\Temp
TEMP=C:\Users\vigne\AppData\Local\Temp




Periodic native trim disabled

---------------  S Y S T E M  ---------------

OS:
 Windows 11 , 64 bit Build 22621 (10.0.22621.3527)
OS uptime: 2 days 1:32 hours

CPU: total 12 (initial active 12) (6 cores per cpu, 2 threads per core) family 6 model 158 stepping 10 microcode 0xde, cx8, cmov, fxsr, ht, mmx, 3dnowpref, sse, sse2, sse3, ssse3, sse4.1, sse4.2, popcnt, lzcnt, tsc, tscinvbit, avx, avx2, aes, erms, clmul, bmi1, bmi2, adx, fma, vzeroupper, clflush, clflushopt, rdtscp, f16c
Processor Information for all 12 processors :
  Max Mhz: 2208, Current Mhz: 2208, Mhz Limit: 2208

Memory: 4k page, system-wide physical 8051M (567M free)
TotalPageFile size 19754M (AvailPageFile size 130M)
current process WorkingSet (physical memory assigned to process): 11M, peak: 11M
current process commit charge ("private bytes"): 64M, peak: 190M

vm_info: Java HotSpot(TM) 64-Bit Server VM (21.0.2+13-LTS-58) for windows-amd64 JRE (21.0.2+13-LTS-58), built on 2024-01-05T18:32:24Z by "mach5one" with MS VC++ 17.1 (VS2022)

END.
