#
# There is insufficient memory for the Java Runtime Environment to continue.
# Native memory allocation (mmap) failed to map 104857600 bytes for G1 virtual space
# Possible reasons:
#   The system is out of physical RAM or swap space
#   The process is running with CompressedOops enabled, and the Java Heap may be blocking the growth of the native heap
# Possible solutions:
#   Reduce memory load on the system
#   Increase physical memory or swap space
#   Check if swap backing store is full
#   Decrease Java heap size (-Xmx/-Xms)
#   Decrease number of Java threads
#   Decrease Java thread stack sizes (-Xss)
#   Set larger code cache with -XX:ReservedCodeCacheSize=
#   JVM is running with Unscaled Compressed Oops mode in which the Java heap is
#     placed in the first 4GB address space. The Java Heap base address is the
#     maximum limit for the native heap growth. Please use -XX:HeapBaseMinAddress
#     to set the Java Heap base and to place the Java Heap above 4GB virtual address.
# This output file may be truncated or incomplete.
#
#  Out of Memory Error (os_windows.cpp:3600), pid=22844, tid=20260
#
# JRE version: Java(TM) SE Runtime Environment (21.0.2+13) (build 21.0.2+13-LTS-58)
# Java VM: Java HotSpot(TM) 64-Bit Server VM (21.0.2+13-LTS-58, mixed mode, sharing, tiered, compressed oops, compressed class ptrs, g1 gc, windows-amd64)
# No core dump will be written. Minidumps are not enabled by default on client versions of Windows
#

---------------  S U M M A R Y ------------

Command Line: -Dfile.encoding=UTF-8 -Dstdout.encoding=UTF-8 -Dstderr.encoding=UTF-8 --module-path=C:\Users\vigne\eclipse-workspace\Mynewprojecct\bin -XX:+ShowCodeDetailsInExceptionMessages -Djdk.module.main=Mynewprojecct Mynewprojecct/myNewPackage.Reverse

Host: Intel(R) Core(TM) i7-8750H CPU @ 2.20GHz, 12 cores, 7G,  Windows 11 , 64 bit Build 22621 (10.0.22621.3672)
Time: Thu Jun 20 14:03:16 2024 India Standard Time elapsed time: 1.212835 seconds (0d 0h 0m 1s)

---------------  T H R E A D  ---------------

Current thread (0x000001eea6946820):  VMThread "VM Thread"          [id=20260, stack(0x0000001e6ed00000,0x0000001e6ee00000) (1024K)]

Stack: [0x0000001e6ed00000,0x0000001e6ee00000]
Native frames: (J=compiled Java code, j=interpreted, Vv=VM code, C=native code)
V  [jvm.dll+0x6cade9]
V  [jvm.dll+0x8569c1]
V  [jvm.dll+0x858d2e]
V  [jvm.dll+0x859413]
V  [jvm.dll+0x280e56]
V  [jvm.dll+0x6c74d5]
V  [jvm.dll+0x6bbeca]
V  [jvm.dll+0x355bca]
V  [jvm.dll+0x35d816]
V  [jvm.dll+0x3ae67e]
V  [jvm.dll+0x3ae928]
V  [jvm.dll+0x3295dc]
V  [jvm.dll+0x329667]
V  [jvm.dll+0x36df1c]
V  [jvm.dll+0x36c71d]
V  [jvm.dll+0x328d51]
V  [jvm.dll+0x36be2a]
V  [jvm.dll+0x85ef18]
V  [jvm.dll+0x860014]
V  [jvm.dll+0x860550]
V  [jvm.dll+0x8607f3]
V  [jvm.dll+0x7ff568]
V  [jvm.dll+0x6c953d]
C  [ucrtbase.dll+0x29333]
C  [KERNEL32.DLL+0x1257d]
C  [ntdll.dll+0x5af28]

VM_Operation (0x0000001e6e6ff300): G1CollectForAllocation, mode: safepoint, requested by thread 0x000001ee878fc790


---------------  P R O C E S S  ---------------

Threads class SMR info:
_java_thread_list=0x000001eea6bf1990, length=11, elements={
0x000001ee878fc790, 0x000001eea6963f70, 0x000001eea69650a0, 0x000001eea69670f0,
0x000001eea6967c50, 0x000001eea69687e0, 0x000001eea696d3c0, 0x000001eea6978bd0,
0x000001eea698d6c0, 0x000001eea6b8ce90, 0x000001eea6c3a570
}

Java Threads: ( => current thread )
  0x000001ee878fc790 JavaThread "main"                              [_thread_blocked, id=2492, stack(0x0000001e6e600000,0x0000001e6e700000) (1024K)]
  0x000001eea6963f70 JavaThread "Reference Handler"          daemon [_thread_blocked, id=5144, stack(0x0000001e6ee00000,0x0000001e6ef00000) (1024K)]
  0x000001eea69650a0 JavaThread "Finalizer"                  daemon [_thread_blocked, id=14136, stack(0x0000001e6ef00000,0x0000001e6f000000) (1024K)]
  0x000001eea69670f0 JavaThread "Signal Dispatcher"          daemon [_thread_blocked, id=21776, stack(0x0000001e6f000000,0x0000001e6f100000) (1024K)]
  0x000001eea6967c50 JavaThread "Attach Listener"            daemon [_thread_blocked, id=3724, stack(0x0000001e6f100000,0x0000001e6f200000) (1024K)]
  0x000001eea69687e0 JavaThread "Service Thread"             daemon [_thread_blocked, id=18044, stack(0x0000001e6f200000,0x0000001e6f300000) (1024K)]
  0x000001eea696d3c0 JavaThread "Monitor Deflation Thread"   daemon [_thread_blocked, id=30296, stack(0x0000001e6f300000,0x0000001e6f400000) (1024K)]
  0x000001eea6978bd0 JavaThread "C2 CompilerThread0"         daemon [_thread_blocked, id=9540, stack(0x0000001e6f400000,0x0000001e6f500000) (1024K)]
  0x000001eea698d6c0 JavaThread "C1 CompilerThread0"         daemon [_thread_blocked, id=30444, stack(0x0000001e6f500000,0x0000001e6f600000) (1024K)]
  0x000001eea6b8ce90 JavaThread "Common-Cleaner"             daemon [_thread_blocked, id=21856, stack(0x0000001e6f600000,0x0000001e6f700000) (1024K)]
  0x000001eea6c3a570 JavaThread "Notification Thread"        daemon [_thread_blocked, id=7528, stack(0x0000001e6f700000,0x0000001e6f800000) (1024K)]
Total: 11

Other Threads:
=>0x000001eea6946820 VMThread "VM Thread"                           [id=20260, stack(0x0000001e6ed00000,0x0000001e6ee00000) (1024K)]
  0x000001eea692f0f0 WatcherThread "VM Periodic Task Thread"        [id=11772, stack(0x0000001e6ec00000,0x0000001e6ed00000) (1024K)]
  0x000001ee89c416e0 WorkerThread "GC Thread#0"                     [id=21548, stack(0x0000001e6e700000,0x0000001e6e800000) (1024K)]
  0x000001eea6d3b8a0 WorkerThread "GC Thread#1"                     [id=25672, stack(0x0000001e6f800000,0x0000001e6f900000) (1024K)]
  0x000001eea6d3bc40 WorkerThread "GC Thread#2"                     [id=10800, stack(0x0000001e6f900000,0x0000001e6fa00000) (1024K)]
  0x000001eea6d3f820 WorkerThread "GC Thread#3"                     [id=15572, stack(0x0000001e6fa00000,0x0000001e6fb00000) (1024K)]
  0x000001ee89c537e0 ConcurrentGCThread "G1 Main Marker"            [id=22384, stack(0x0000001e6e800000,0x0000001e6e900000) (1024K)]
  0x000001ee89c542e0 WorkerThread "G1 Conc#0"                       [id=16856, stack(0x0000001e6e900000,0x0000001e6ea00000) (1024K)]
  0x000001ee89cae650 ConcurrentGCThread "G1 Refine#0"               [id=8772, stack(0x0000001e6ea00000,0x0000001e6eb00000) (1024K)]
  0x000001eea6804360 ConcurrentGCThread "G1 Service"                [id=15536, stack(0x0000001e6eb00000,0x0000001e6ec00000) (1024K)]
Total: 10

Threads with active compile tasks:
Total: 0

VM state: at safepoint (normal execution)

VM Mutex/Monitor currently owned by a thread:  ([mutex/lock_event])
[0x00007ffa16dfcd68] Threads_lock - owner thread: 0x000001eea6946820
[0x00007ffa16dfce68] Heap_lock - owner thread: 0x000001ee878fc790

Heap address: 0x0000000082200000, size: 2014 MB, Compressed Oops mode: 32-bit

CDS archive(s) mapped at: [0x000001eea7000000-0x000001eea7c90000-0x000001eea7c90000), size 13172736, SharedBaseAddress: 0x000001eea7000000, ArchiveRelocationMode: 1.
Compressed class space mapped at: 0x000001eea8000000-0x000001eee8000000, reserved size: 1073741824
Narrow klass base: 0x000001eea7000000, Narrow klass shift: 0, Narrow klass range: 0x100000000

GC Precious Log:
 CardTable entry size: 512
 Card Set container configuration: InlinePtr #cards 5 size 8 Array Of Cards #cards 12 size 40 Howl #buckets 4 coarsen threshold 1843 Howl Bitmap #cards 512 size 80 coarsen threshold 460 Card regions per heap region 1 cards per card region 2048
 CPUs: 12 total, 12 available
 Memory: 8051M
 Large Page Support: Disabled
 NUMA Support: Disabled
 Compressed Oops: Enabled (32-bit)
 Heap Region Size: 1M
 Heap Min Capacity: 8M
 Heap Initial Capacity: 126M
 Heap Max Capacity: 2014M
 Pre-touch: Disabled
 Parallel Workers: 10
 Concurrent Workers: 3
 Concurrent Refinement Workers: 10
 Periodic GC: Disabled

Heap:
 garbage-first heap   total 202752K, used 849K [0x0000000082200000, 0x0000000100000000)
  region size 1024K, 1 young (1024K), 1 survivors (1024K)
 Metaspace       used 675K, committed 832K, reserved 1114112K
  class space    used 56K, committed 128K, reserved 1048576K

Heap Regions: E=young(eden), S=young(survivor), O=old, HS=humongous(starts), HC=humongous(continues), CS=collection set, F=free, TAMS=top-at-mark-start, PB=parsable bottom
|   0|0x0000000082200000, 0x0000000082200000, 0x0000000082300000|  0%| F|  |TAMS 0x0000000082200000| PB 0x0000000082200000| Untracked 
|   1|0x0000000082300000, 0x0000000082300000, 0x0000000082400000|  0%| F|  |TAMS 0x0000000082300000| PB 0x0000000082300000| Untracked 
|   2|0x0000000082400000, 0x0000000082400000, 0x0000000082500000|  0%| F|  |TAMS 0x0000000082400000| PB 0x0000000082400000| Untracked 
|   3|0x0000000082500000, 0x0000000082500000, 0x0000000082600000|  0%| F|  |TAMS 0x0000000082500000| PB 0x0000000082500000| Untracked 
|   4|0x0000000082600000, 0x0000000082600000, 0x0000000082700000|  0%| F|  |TAMS 0x0000000082600000| PB 0x0000000082600000| Untracked 
|   5|0x0000000082700000, 0x0000000082700000, 0x0000000082800000|  0%| F|  |TAMS 0x0000000082700000| PB 0x0000000082700000| Untracked 
|   6|0x0000000082800000, 0x0000000082800000, 0x0000000082900000|  0%| F|  |TAMS 0x0000000082800000| PB 0x0000000082800000| Untracked 
|   7|0x0000000082900000, 0x0000000082900000, 0x0000000082a00000|  0%| F|  |TAMS 0x0000000082900000| PB 0x0000000082900000| Untracked 
|   8|0x0000000082a00000, 0x0000000082a00000, 0x0000000082b00000|  0%| F|  |TAMS 0x0000000082a00000| PB 0x0000000082a00000| Untracked 
|   9|0x0000000082b00000, 0x0000000082b00000, 0x0000000082c00000|  0%| F|  |TAMS 0x0000000082b00000| PB 0x0000000082b00000| Untracked 
|  10|0x0000000082c00000, 0x0000000082c00000, 0x0000000082d00000|  0%| F|  |TAMS 0x0000000082c00000| PB 0x0000000082c00000| Untracked 
|  11|0x0000000082d00000, 0x0000000082d00000, 0x0000000082e00000|  0%| F|  |TAMS 0x0000000082d00000| PB 0x0000000082d00000| Untracked 
|  12|0x0000000082e00000, 0x0000000082e00000, 0x0000000082f00000|  0%| F|  |TAMS 0x0000000082e00000| PB 0x0000000082e00000| Untracked 
|  13|0x0000000082f00000, 0x0000000082f00000, 0x0000000083000000|  0%| F|  |TAMS 0x0000000082f00000| PB 0x0000000082f00000| Untracked 
|  14|0x0000000083000000, 0x0000000083000000, 0x0000000083100000|  0%| F|  |TAMS 0x0000000083000000| PB 0x0000000083000000| Untracked 
|  15|0x0000000083100000, 0x0000000083100000, 0x0000000083200000|  0%| F|  |TAMS 0x0000000083100000| PB 0x0000000083100000| Untracked 
|  16|0x0000000083200000, 0x0000000083200000, 0x0000000083300000|  0%| F|  |TAMS 0x0000000083200000| PB 0x0000000083200000| Untracked 
|  17|0x0000000083300000, 0x0000000083300000, 0x0000000083400000|  0%| F|  |TAMS 0x0000000083300000| PB 0x0000000083300000| Untracked 
|  18|0x0000000083400000, 0x0000000083400000, 0x0000000083500000|  0%| F|  |TAMS 0x0000000083400000| PB 0x0000000083400000| Untracked 
|  19|0x0000000083500000, 0x0000000083500000, 0x0000000083600000|  0%| F|  |TAMS 0x0000000083500000| PB 0x0000000083500000| Untracked 
|  20|0x0000000083600000, 0x0000000083600000, 0x0000000083700000|  0%| F|  |TAMS 0x0000000083600000| PB 0x0000000083600000| Untracked 
|  21|0x0000000083700000, 0x0000000083700000, 0x0000000083800000|  0%| F|  |TAMS 0x0000000083700000| PB 0x0000000083700000| Untracked 
|  22|0x0000000083800000, 0x0000000083800000, 0x0000000083900000|  0%| F|  |TAMS 0x0000000083800000| PB 0x0000000083800000| Untracked 
|  23|0x0000000083900000, 0x0000000083900000, 0x0000000083a00000|  0%| F|  |TAMS 0x0000000083900000| PB 0x0000000083900000| Untracked 
|  24|0x0000000083a00000, 0x0000000083a00000, 0x0000000083b00000|  0%| F|  |TAMS 0x0000000083a00000| PB 0x0000000083a00000| Untracked 
|  25|0x0000000083b00000, 0x0000000083b00000, 0x0000000083c00000|  0%| F|  |TAMS 0x0000000083b00000| PB 0x0000000083b00000| Untracked 
|  26|0x0000000083c00000, 0x0000000083c00000, 0x0000000083d00000|  0%| F|  |TAMS 0x0000000083c00000| PB 0x0000000083c00000| Untracked 
|  27|0x0000000083d00000, 0x0000000083d00000, 0x0000000083e00000|  0%| F|  |TAMS 0x0000000083d00000| PB 0x0000000083d00000| Untracked 
|  28|0x0000000083e00000, 0x0000000083e00000, 0x0000000083f00000|  0%| F|  |TAMS 0x0000000083e00000| PB 0x0000000083e00000| Untracked 
|  29|0x0000000083f00000, 0x0000000083f00000, 0x0000000084000000|  0%| F|  |TAMS 0x0000000083f00000| PB 0x0000000083f00000| Untracked 
|  30|0x0000000084000000, 0x0000000084000000, 0x0000000084100000|  0%| F|  |TAMS 0x0000000084000000| PB 0x0000000084000000| Untracked 
|  31|0x0000000084100000, 0x0000000084100000, 0x0000000084200000|  0%| F|  |TAMS 0x0000000084100000| PB 0x0000000084100000| Untracked 
|  32|0x0000000084200000, 0x0000000084200000, 0x0000000084300000|  0%| F|  |TAMS 0x0000000084200000| PB 0x0000000084200000| Untracked 
|  33|0x0000000084300000, 0x0000000084300000, 0x0000000084400000|  0%| F|  |TAMS 0x0000000084300000| PB 0x0000000084300000| Untracked 
|  34|0x0000000084400000, 0x0000000084400000, 0x0000000084500000|  0%| F|  |TAMS 0x0000000084400000| PB 0x0000000084400000| Untracked 
|  35|0x0000000084500000, 0x0000000084500000, 0x0000000084600000|  0%| F|  |TAMS 0x0000000084500000| PB 0x0000000084500000| Untracked 
|  36|0x0000000084600000, 0x0000000084600000, 0x0000000084700000|  0%| F|  |TAMS 0x0000000084600000| PB 0x0000000084600000| Untracked 
|  37|0x0000000084700000, 0x0000000084700000, 0x0000000084800000|  0%| F|  |TAMS 0x0000000084700000| PB 0x0000000084700000| Untracked 
|  38|0x0000000084800000, 0x0000000084800000, 0x0000000084900000|  0%| F|  |TAMS 0x0000000084800000| PB 0x0000000084800000| Untracked 
|  39|0x0000000084900000, 0x0000000084900000, 0x0000000084a00000|  0%| F|  |TAMS 0x0000000084900000| PB 0x0000000084900000| Untracked 
|  40|0x0000000084a00000, 0x0000000084a00000, 0x0000000084b00000|  0%| F|  |TAMS 0x0000000084a00000| PB 0x0000000084a00000| Untracked 
|  41|0x0000000084b00000, 0x0000000084b00000, 0x0000000084c00000|  0%| F|  |TAMS 0x0000000084b00000| PB 0x0000000084b00000| Untracked 
|  42|0x0000000084c00000, 0x0000000084c00000, 0x0000000084d00000|  0%| F|  |TAMS 0x0000000084c00000| PB 0x0000000084c00000| Untracked 
|  43|0x0000000084d00000, 0x0000000084d00000, 0x0000000084e00000|  0%| F|  |TAMS 0x0000000084d00000| PB 0x0000000084d00000| Untracked 
|  44|0x0000000084e00000, 0x0000000084e00000, 0x0000000084f00000|  0%| F|  |TAMS 0x0000000084e00000| PB 0x0000000084e00000| Untracked 
|  45|0x0000000084f00000, 0x0000000084f00000, 0x0000000085000000|  0%| F|  |TAMS 0x0000000084f00000| PB 0x0000000084f00000| Untracked 
|  46|0x0000000085000000, 0x0000000085000000, 0x0000000085100000|  0%| F|  |TAMS 0x0000000085000000| PB 0x0000000085000000| Untracked 
|  47|0x0000000085100000, 0x0000000085100000, 0x0000000085200000|  0%| F|  |TAMS 0x0000000085100000| PB 0x0000000085100000| Untracked 
|  48|0x0000000085200000, 0x0000000085200000, 0x0000000085300000|  0%| F|  |TAMS 0x0000000085200000| PB 0x0000000085200000| Untracked 
|  49|0x0000000085300000, 0x0000000085300000, 0x0000000085400000|  0%| F|  |TAMS 0x0000000085300000| PB 0x0000000085300000| Untracked 
|  50|0x0000000085400000, 0x0000000085400000, 0x0000000085500000|  0%| F|  |TAMS 0x0000000085400000| PB 0x0000000085400000| Untracked 
|  51|0x0000000085500000, 0x0000000085500000, 0x0000000085600000|  0%| F|  |TAMS 0x0000000085500000| PB 0x0000000085500000| Untracked 
|  52|0x0000000085600000, 0x0000000085600000, 0x0000000085700000|  0%| F|  |TAMS 0x0000000085600000| PB 0x0000000085600000| Untracked 
|  53|0x0000000085700000, 0x0000000085700000, 0x0000000085800000|  0%| F|  |TAMS 0x0000000085700000| PB 0x0000000085700000| Untracked 
|  54|0x0000000085800000, 0x0000000085800000, 0x0000000085900000|  0%| F|  |TAMS 0x0000000085800000| PB 0x0000000085800000| Untracked 
|  55|0x0000000085900000, 0x0000000085900000, 0x0000000085a00000|  0%| F|  |TAMS 0x0000000085900000| PB 0x0000000085900000| Untracked 
|  56|0x0000000085a00000, 0x0000000085a00000, 0x0000000085b00000|  0%| F|  |TAMS 0x0000000085a00000| PB 0x0000000085a00000| Untracked 
|  57|0x0000000085b00000, 0x0000000085b00000, 0x0000000085c00000|  0%| F|  |TAMS 0x0000000085b00000| PB 0x0000000085b00000| Untracked 
|  58|0x0000000085c00000, 0x0000000085c00000, 0x0000000085d00000|  0%| F|  |TAMS 0x0000000085c00000| PB 0x0000000085c00000| Untracked 
|  59|0x0000000085d00000, 0x0000000085d00000, 0x0000000085e00000|  0%| F|  |TAMS 0x0000000085d00000| PB 0x0000000085d00000| Untracked 
|  60|0x0000000085e00000, 0x0000000085e00000, 0x0000000085f00000|  0%| F|  |TAMS 0x0000000085e00000| PB 0x0000000085e00000| Untracked 
|  61|0x0000000085f00000, 0x0000000085f00000, 0x0000000086000000|  0%| F|  |TAMS 0x0000000085f00000| PB 0x0000000085f00000| Untracked 
|  62|0x0000000086000000, 0x0000000086000000, 0x0000000086100000|  0%| F|  |TAMS 0x0000000086000000| PB 0x0000000086000000| Untracked 
|  63|0x0000000086100000, 0x0000000086100000, 0x0000000086200000|  0%| F|  |TAMS 0x0000000086100000| PB 0x0000000086100000| Untracked 
|  64|0x0000000086200000, 0x0000000086200000, 0x0000000086300000|  0%| F|  |TAMS 0x0000000086200000| PB 0x0000000086200000| Untracked 
|  65|0x0000000086300000, 0x0000000086300000, 0x0000000086400000|  0%| F|  |TAMS 0x0000000086300000| PB 0x0000000086300000| Untracked 
|  66|0x0000000086400000, 0x0000000086400000, 0x0000000086500000|  0%| F|  |TAMS 0x0000000086400000| PB 0x0000000086400000| Untracked 
|  67|0x0000000086500000, 0x0000000086500000, 0x0000000086600000|  0%| F|  |TAMS 0x0000000086500000| PB 0x0000000086500000| Untracked 
|  68|0x0000000086600000, 0x0000000086600000, 0x0000000086700000|  0%| F|  |TAMS 0x0000000086600000| PB 0x0000000086600000| Untracked 
|  69|0x0000000086700000, 0x0000000086700000, 0x0000000086800000|  0%| F|  |TAMS 0x0000000086700000| PB 0x0000000086700000| Untracked 
|  70|0x0000000086800000, 0x0000000086800000, 0x0000000086900000|  0%| F|  |TAMS 0x0000000086800000| PB 0x0000000086800000| Untracked 
|  71|0x0000000086900000, 0x0000000086900000, 0x0000000086a00000|  0%| F|  |TAMS 0x0000000086900000| PB 0x0000000086900000| Untracked 
|  72|0x0000000086a00000, 0x0000000086a00000, 0x0000000086b00000|  0%| F|  |TAMS 0x0000000086a00000| PB 0x0000000086a00000| Untracked 
|  73|0x0000000086b00000, 0x0000000086b00000, 0x0000000086c00000|  0%| F|  |TAMS 0x0000000086b00000| PB 0x0000000086b00000| Untracked 
|  74|0x0000000086c00000, 0x0000000086c00000, 0x0000000086d00000|  0%| F|  |TAMS 0x0000000086c00000| PB 0x0000000086c00000| Untracked 
|  75|0x0000000086d00000, 0x0000000086d00000, 0x0000000086e00000|  0%| F|  |TAMS 0x0000000086d00000| PB 0x0000000086d00000| Untracked 
|  76|0x0000000086e00000, 0x0000000086e00000, 0x0000000086f00000|  0%| F|  |TAMS 0x0000000086e00000| PB 0x0000000086e00000| Untracked 
|  77|0x0000000086f00000, 0x0000000086f00000, 0x0000000087000000|  0%| F|  |TAMS 0x0000000086f00000| PB 0x0000000086f00000| Untracked 
|  78|0x0000000087000000, 0x0000000087000000, 0x0000000087100000|  0%| F|  |TAMS 0x0000000087000000| PB 0x0000000087000000| Untracked 
|  79|0x0000000087100000, 0x00000000871d4500, 0x0000000087200000| 82%| S|CS|TAMS 0x0000000087100000| PB 0x0000000087100000| Complete 
|  80|0x0000000087200000, 0x0000000087200000, 0x0000000087300000|  0%| F|  |TAMS 0x0000000087200000| PB 0x0000000087200000| Untracked 
|  81|0x0000000087300000, 0x0000000087300000, 0x0000000087400000|  0%| F|  |TAMS 0x0000000087300000| PB 0x0000000087300000| Untracked 
|  82|0x0000000087400000, 0x0000000087400000, 0x0000000087500000|  0%| F|  |TAMS 0x0000000087400000| PB 0x0000000087400000| Untracked 
|  83|0x0000000087500000, 0x0000000087500000, 0x0000000087600000|  0%| F|  |TAMS 0x0000000087500000| PB 0x0000000087500000| Untracked 
|  84|0x0000000087600000, 0x0000000087600000, 0x0000000087700000|  0%| F|  |TAMS 0x0000000087600000| PB 0x0000000087600000| Untracked 
|  85|0x0000000087700000, 0x0000000087700000, 0x0000000087800000|  0%| F|  |TAMS 0x0000000087700000| PB 0x0000000087700000| Untracked 
|  86|0x0000000087800000, 0x0000000087800000, 0x0000000087900000|  0%| F|  |TAMS 0x0000000087800000| PB 0x0000000087800000| Untracked 
|  87|0x0000000087900000, 0x0000000087900000, 0x0000000087a00000|  0%| F|  |TAMS 0x0000000087900000| PB 0x0000000087900000| Untracked 
|  88|0x0000000087a00000, 0x0000000087a00000, 0x0000000087b00000|  0%| F|  |TAMS 0x0000000087a00000| PB 0x0000000087a00000| Untracked 
|  89|0x0000000087b00000, 0x0000000087b00000, 0x0000000087c00000|  0%| F|  |TAMS 0x0000000087b00000| PB 0x0000000087b00000| Untracked 
|  90|0x0000000087c00000, 0x0000000087c00000, 0x0000000087d00000|  0%| F|  |TAMS 0x0000000087c00000| PB 0x0000000087c00000| Untracked 
|  91|0x0000000087d00000, 0x0000000087d00000, 0x0000000087e00000|  0%| F|  |TAMS 0x0000000087d00000| PB 0x0000000087d00000| Untracked 
|  92|0x0000000087e00000, 0x0000000087e00000, 0x0000000087f00000|  0%| F|  |TAMS 0x0000000087e00000| PB 0x0000000087e00000| Untracked 
|  93|0x0000000087f00000, 0x0000000087f00000, 0x0000000088000000|  0%| F|  |TAMS 0x0000000087f00000| PB 0x0000000087f00000| Untracked 
|  94|0x0000000088000000, 0x0000000088000000, 0x0000000088100000|  0%| F|  |TAMS 0x0000000088000000| PB 0x0000000088000000| Untracked 
|  95|0x0000000088100000, 0x0000000088100000, 0x0000000088200000|  0%| F|  |TAMS 0x0000000088100000| PB 0x0000000088100000| Untracked 
|  96|0x0000000088200000, 0x0000000088200000, 0x0000000088300000|  0%| F|  |TAMS 0x0000000088200000| PB 0x0000000088200000| Untracked 
|  97|0x0000000088300000, 0x0000000088300000, 0x0000000088400000|  0%| F|  |TAMS 0x0000000088300000| PB 0x0000000088300000| Untracked 
|  98|0x0000000088400000, 0x0000000088400000, 0x0000000088500000|  0%| F|  |TAMS 0x0000000088400000| PB 0x0000000088400000| Untracked 
|  99|0x0000000088500000, 0x0000000088500000, 0x0000000088600000|  0%| F|  |TAMS 0x0000000088500000| PB 0x0000000088500000| Untracked 
| 100|0x0000000088600000, 0x0000000088600000, 0x0000000088700000|  0%| F|  |TAMS 0x0000000088600000| PB 0x0000000088600000| Untracked 
| 101|0x0000000088700000, 0x0000000088700000, 0x0000000088800000|  0%| F|  |TAMS 0x0000000088700000| PB 0x0000000088700000| Untracked 
| 102|0x0000000088800000, 0x0000000088800000, 0x0000000088900000|  0%| F|  |TAMS 0x0000000088800000| PB 0x0000000088800000| Untracked 
| 103|0x0000000088900000, 0x0000000088900000, 0x0000000088a00000|  0%| F|  |TAMS 0x0000000088900000| PB 0x0000000088900000| Untracked 
| 104|0x0000000088a00000, 0x0000000088a00000, 0x0000000088b00000|  0%| F|  |TAMS 0x0000000088a00000| PB 0x0000000088a00000| Untracked 
| 105|0x0000000088b00000, 0x0000000088b00000, 0x0000000088c00000|  0%| F|  |TAMS 0x0000000088b00000| PB 0x0000000088b00000| Untracked 
| 106|0x0000000088c00000, 0x0000000088c00000, 0x0000000088d00000|  0%| F|  |TAMS 0x0000000088c00000| PB 0x0000000088c00000| Untracked 
| 107|0x0000000088d00000, 0x0000000088d00000, 0x0000000088e00000|  0%| F|  |TAMS 0x0000000088d00000| PB 0x0000000088d00000| Untracked 
| 108|0x0000000088e00000, 0x0000000088e00000, 0x0000000088f00000|  0%| F|  |TAMS 0x0000000088e00000| PB 0x0000000088e00000| Untracked 
| 109|0x0000000088f00000, 0x0000000088f00000, 0x0000000089000000|  0%| F|  |TAMS 0x0000000088f00000| PB 0x0000000088f00000| Untracked 
| 110|0x0000000089000000, 0x0000000089000000, 0x0000000089100000|  0%| F|  |TAMS 0x0000000089000000| PB 0x0000000089000000| Untracked 
| 111|0x0000000089100000, 0x0000000089100000, 0x0000000089200000|  0%| F|  |TAMS 0x0000000089100000| PB 0x0000000089100000| Untracked 
| 112|0x0000000089200000, 0x0000000089200000, 0x0000000089300000|  0%| F|  |TAMS 0x0000000089200000| PB 0x0000000089200000| Untracked 
| 113|0x0000000089300000, 0x0000000089300000, 0x0000000089400000|  0%| F|  |TAMS 0x0000000089300000| PB 0x0000000089300000| Untracked 
| 114|0x0000000089400000, 0x0000000089400000, 0x0000000089500000|  0%| F|  |TAMS 0x0000000089400000| PB 0x0000000089400000| Untracked 
| 115|0x0000000089500000, 0x0000000089500000, 0x0000000089600000|  0%| F|  |TAMS 0x0000000089500000| PB 0x0000000089500000| Untracked 
| 116|0x0000000089600000, 0x0000000089600000, 0x0000000089700000|  0%| F|  |TAMS 0x0000000089600000| PB 0x0000000089600000| Untracked 
| 117|0x0000000089700000, 0x0000000089700000, 0x0000000089800000|  0%| F|  |TAMS 0x0000000089700000| PB 0x0000000089700000| Untracked 
| 118|0x0000000089800000, 0x0000000089800000, 0x0000000089900000|  0%| F|  |TAMS 0x0000000089800000| PB 0x0000000089800000| Untracked 
| 119|0x0000000089900000, 0x0000000089900000, 0x0000000089a00000|  0%| F|  |TAMS 0x0000000089900000| PB 0x0000000089900000| Untracked 
| 120|0x0000000089a00000, 0x0000000089a00000, 0x0000000089b00000|  0%| F|  |TAMS 0x0000000089a00000| PB 0x0000000089a00000| Untracked 
| 121|0x0000000089b00000, 0x0000000089b00000, 0x0000000089c00000|  0%| F|  |TAMS 0x0000000089b00000| PB 0x0000000089b00000| Untracked 
| 122|0x0000000089c00000, 0x0000000089c00000, 0x0000000089d00000|  0%| F|  |TAMS 0x0000000089c00000| PB 0x0000000089c00000| Untracked 
| 123|0x0000000089d00000, 0x0000000089d00000, 0x0000000089e00000|  0%| F|  |TAMS 0x0000000089d00000| PB 0x0000000089d00000| Untracked 
| 124|0x0000000089e00000, 0x0000000089e00000, 0x0000000089f00000|  0%| F|  |TAMS 0x0000000089e00000| PB 0x0000000089e00000| Untracked 
| 125|0x0000000089f00000, 0x0000000089f00000, 0x000000008a000000|  0%| F|  |TAMS 0x0000000089f00000| PB 0x0000000089f00000| Untracked 
| 126|0x000000008a000000, 0x000000008a000000, 0x000000008a100000|  0%| F|  |TAMS 0x000000008a000000| PB 0x000000008a000000| Untracked 
| 127|0x000000008a100000, 0x000000008a100000, 0x000000008a200000|  0%| F|  |TAMS 0x000000008a100000| PB 0x000000008a100000| Untracked 
| 128|0x000000008a200000, 0x000000008a200000, 0x000000008a300000|  0%| F|  |TAMS 0x000000008a200000| PB 0x000000008a200000| Untracked 
| 129|0x000000008a300000, 0x000000008a300000, 0x000000008a400000|  0%| F|  |TAMS 0x000000008a300000| PB 0x000000008a300000| Untracked 
| 130|0x000000008a400000, 0x000000008a400000, 0x000000008a500000|  0%| F|  |TAMS 0x000000008a400000| PB 0x000000008a400000| Untracked 
| 131|0x000000008a500000, 0x000000008a500000, 0x000000008a600000|  0%| F|  |TAMS 0x000000008a500000| PB 0x000000008a500000| Untracked 
| 132|0x000000008a600000, 0x000000008a600000, 0x000000008a700000|  0%| F|  |TAMS 0x000000008a600000| PB 0x000000008a600000| Untracked 
| 133|0x000000008a700000, 0x000000008a700000, 0x000000008a800000|  0%| F|  |TAMS 0x000000008a700000| PB 0x000000008a700000| Untracked 
| 134|0x000000008a800000, 0x000000008a800000, 0x000000008a900000|  0%| F|  |TAMS 0x000000008a800000| PB 0x000000008a800000| Untracked 
| 135|0x000000008a900000, 0x000000008a900000, 0x000000008aa00000|  0%| F|  |TAMS 0x000000008a900000| PB 0x000000008a900000| Untracked 
| 136|0x000000008aa00000, 0x000000008aa00000, 0x000000008ab00000|  0%| F|  |TAMS 0x000000008aa00000| PB 0x000000008aa00000| Untracked 
| 137|0x000000008ab00000, 0x000000008ab00000, 0x000000008ac00000|  0%| F|  |TAMS 0x000000008ab00000| PB 0x000000008ab00000| Untracked 
| 138|0x000000008ac00000, 0x000000008ac00000, 0x000000008ad00000|  0%| F|  |TAMS 0x000000008ac00000| PB 0x000000008ac00000| Untracked 
| 139|0x000000008ad00000, 0x000000008ad00000, 0x000000008ae00000|  0%| F|  |TAMS 0x000000008ad00000| PB 0x000000008ad00000| Untracked 
| 140|0x000000008ae00000, 0x000000008ae00000, 0x000000008af00000|  0%| F|  |TAMS 0x000000008ae00000| PB 0x000000008ae00000| Untracked 
| 141|0x000000008af00000, 0x000000008af00000, 0x000000008b000000|  0%| F|  |TAMS 0x000000008af00000| PB 0x000000008af00000| Untracked 
| 142|0x000000008b000000, 0x000000008b000000, 0x000000008b100000|  0%| F|  |TAMS 0x000000008b000000| PB 0x000000008b000000| Untracked 
| 143|0x000000008b100000, 0x000000008b100000, 0x000000008b200000|  0%| F|  |TAMS 0x000000008b100000| PB 0x000000008b100000| Untracked 
| 144|0x000000008b200000, 0x000000008b200000, 0x000000008b300000|  0%| F|  |TAMS 0x000000008b200000| PB 0x000000008b200000| Untracked 
| 145|0x000000008b300000, 0x000000008b300000, 0x000000008b400000|  0%| F|  |TAMS 0x000000008b300000| PB 0x000000008b300000| Untracked 
| 146|0x000000008b400000, 0x000000008b400000, 0x000000008b500000|  0%| F|  |TAMS 0x000000008b400000| PB 0x000000008b400000| Untracked 
| 147|0x000000008b500000, 0x000000008b500000, 0x000000008b600000|  0%| F|  |TAMS 0x000000008b500000| PB 0x000000008b500000| Untracked 
| 148|0x000000008b600000, 0x000000008b600000, 0x000000008b700000|  0%| F|  |TAMS 0x000000008b600000| PB 0x000000008b600000| Untracked 
| 149|0x000000008b700000, 0x000000008b700000, 0x000000008b800000|  0%| F|  |TAMS 0x000000008b700000| PB 0x000000008b700000| Untracked 
| 150|0x000000008b800000, 0x000000008b800000, 0x000000008b900000|  0%| F|  |TAMS 0x000000008b800000| PB 0x000000008b800000| Untracked 
| 151|0x000000008b900000, 0x000000008b900000, 0x000000008ba00000|  0%| F|  |TAMS 0x000000008b900000| PB 0x000000008b900000| Untracked 
| 152|0x000000008ba00000, 0x000000008ba00000, 0x000000008bb00000|  0%| F|  |TAMS 0x000000008ba00000| PB 0x000000008ba00000| Untracked 
| 153|0x000000008bb00000, 0x000000008bb00000, 0x000000008bc00000|  0%| F|  |TAMS 0x000000008bb00000| PB 0x000000008bb00000| Untracked 
| 154|0x000000008bc00000, 0x000000008bc00000, 0x000000008bd00000|  0%| F|  |TAMS 0x000000008bc00000| PB 0x000000008bc00000| Untracked 
| 155|0x000000008bd00000, 0x000000008bd00000, 0x000000008be00000|  0%| F|  |TAMS 0x000000008bd00000| PB 0x000000008bd00000| Untracked 
| 156|0x000000008be00000, 0x000000008be00000, 0x000000008bf00000|  0%| F|  |TAMS 0x000000008be00000| PB 0x000000008be00000| Untracked 
| 157|0x000000008bf00000, 0x000000008bf00000, 0x000000008c000000|  0%| F|  |TAMS 0x000000008bf00000| PB 0x000000008bf00000| Untracked 
| 158|0x000000008c000000, 0x000000008c000000, 0x000000008c100000|  0%| F|  |TAMS 0x000000008c000000| PB 0x000000008c000000| Untracked 
| 159|0x000000008c100000, 0x000000008c100000, 0x000000008c200000|  0%| F|  |TAMS 0x000000008c100000| PB 0x000000008c100000| Untracked 
| 160|0x000000008c200000, 0x000000008c200000, 0x000000008c300000|  0%| F|  |TAMS 0x000000008c200000| PB 0x000000008c200000| Untracked 
| 161|0x000000008c300000, 0x000000008c300000, 0x000000008c400000|  0%| F|  |TAMS 0x000000008c300000| PB 0x000000008c300000| Untracked 
| 162|0x000000008c400000, 0x000000008c400000, 0x000000008c500000|  0%| F|  |TAMS 0x000000008c400000| PB 0x000000008c400000| Untracked 
| 163|0x000000008c500000, 0x000000008c500000, 0x000000008c600000|  0%| F|  |TAMS 0x000000008c500000| PB 0x000000008c500000| Untracked 
| 164|0x000000008c600000, 0x000000008c600000, 0x000000008c700000|  0%| F|  |TAMS 0x000000008c600000| PB 0x000000008c600000| Untracked 
| 165|0x000000008c700000, 0x000000008c700000, 0x000000008c800000|  0%| F|  |TAMS 0x000000008c700000| PB 0x000000008c700000| Untracked 
| 166|0x000000008c800000, 0x000000008c800000, 0x000000008c900000|  0%| F|  |TAMS 0x000000008c800000| PB 0x000000008c800000| Untracked 
| 167|0x000000008c900000, 0x000000008c900000, 0x000000008ca00000|  0%| F|  |TAMS 0x000000008c900000| PB 0x000000008c900000| Untracked 
| 168|0x000000008ca00000, 0x000000008ca00000, 0x000000008cb00000|  0%| F|  |TAMS 0x000000008ca00000| PB 0x000000008ca00000| Untracked 
| 169|0x000000008cb00000, 0x000000008cb00000, 0x000000008cc00000|  0%| F|  |TAMS 0x000000008cb00000| PB 0x000000008cb00000| Untracked 
| 170|0x000000008cc00000, 0x000000008cc00000, 0x000000008cd00000|  0%| F|  |TAMS 0x000000008cc00000| PB 0x000000008cc00000| Untracked 
| 171|0x000000008cd00000, 0x000000008cd00000, 0x000000008ce00000|  0%| F|  |TAMS 0x000000008cd00000| PB 0x000000008cd00000| Untracked 
| 172|0x000000008ce00000, 0x000000008ce00000, 0x000000008cf00000|  0%| F|  |TAMS 0x000000008ce00000| PB 0x000000008ce00000| Untracked 
| 173|0x000000008cf00000, 0x000000008cf00000, 0x000000008d000000|  0%| F|  |TAMS 0x000000008cf00000| PB 0x000000008cf00000| Untracked 
| 174|0x000000008d000000, 0x000000008d000000, 0x000000008d100000|  0%| F|  |TAMS 0x000000008d000000| PB 0x000000008d000000| Untracked 
| 175|0x000000008d100000, 0x000000008d100000, 0x000000008d200000|  0%| F|  |TAMS 0x000000008d100000| PB 0x000000008d100000| Untracked 
| 176|0x000000008d200000, 0x000000008d200000, 0x000000008d300000|  0%| F|  |TAMS 0x000000008d200000| PB 0x000000008d200000| Untracked 
| 177|0x000000008d300000, 0x000000008d300000, 0x000000008d400000|  0%| F|  |TAMS 0x000000008d300000| PB 0x000000008d300000| Untracked 
| 178|0x000000008d400000, 0x000000008d400000, 0x000000008d500000|  0%| F|  |TAMS 0x000000008d400000| PB 0x000000008d400000| Untracked 
| 179|0x000000008d500000, 0x000000008d500000, 0x000000008d600000|  0%| F|  |TAMS 0x000000008d500000| PB 0x000000008d500000| Untracked 
| 180|0x000000008d600000, 0x000000008d600000, 0x000000008d700000|  0%| F|  |TAMS 0x000000008d600000| PB 0x000000008d600000| Untracked 
| 181|0x000000008d700000, 0x000000008d700000, 0x000000008d800000|  0%| F|  |TAMS 0x000000008d700000| PB 0x000000008d700000| Untracked 
| 182|0x000000008d800000, 0x000000008d800000, 0x000000008d900000|  0%| F|  |TAMS 0x000000008d800000| PB 0x000000008d800000| Untracked 
| 183|0x000000008d900000, 0x000000008d900000, 0x000000008da00000|  0%| F|  |TAMS 0x000000008d900000| PB 0x000000008d900000| Untracked 
| 184|0x000000008da00000, 0x000000008da00000, 0x000000008db00000|  0%| F|  |TAMS 0x000000008da00000| PB 0x000000008da00000| Untracked 
| 185|0x000000008db00000, 0x000000008db00000, 0x000000008dc00000|  0%| F|  |TAMS 0x000000008db00000| PB 0x000000008db00000| Untracked 
| 186|0x000000008dc00000, 0x000000008dc00000, 0x000000008dd00000|  0%| F|  |TAMS 0x000000008dc00000| PB 0x000000008dc00000| Untracked 
| 187|0x000000008dd00000, 0x000000008dd00000, 0x000000008de00000|  0%| F|  |TAMS 0x000000008dd00000| PB 0x000000008dd00000| Untracked 
| 188|0x000000008de00000, 0x000000008de00000, 0x000000008df00000|  0%| F|  |TAMS 0x000000008de00000| PB 0x000000008de00000| Untracked 
| 189|0x000000008df00000, 0x000000008df00000, 0x000000008e000000|  0%| F|  |TAMS 0x000000008df00000| PB 0x000000008df00000| Untracked 
| 190|0x000000008e000000, 0x000000008e000000, 0x000000008e100000|  0%| F|  |TAMS 0x000000008e000000| PB 0x000000008e000000| Untracked 
| 191|0x000000008e100000, 0x000000008e100000, 0x000000008e200000|  0%| F|  |TAMS 0x000000008e100000| PB 0x000000008e100000| Untracked 
| 192|0x000000008e200000, 0x000000008e200000, 0x000000008e300000|  0%| F|  |TAMS 0x000000008e200000| PB 0x000000008e200000| Untracked 
| 193|0x000000008e300000, 0x000000008e300000, 0x000000008e400000|  0%| F|  |TAMS 0x000000008e300000| PB 0x000000008e300000| Untracked 
| 194|0x000000008e400000, 0x000000008e400000, 0x000000008e500000|  0%| F|  |TAMS 0x000000008e400000| PB 0x000000008e400000| Untracked 
| 195|0x000000008e500000, 0x000000008e500000, 0x000000008e600000|  0%| F|  |TAMS 0x000000008e500000| PB 0x000000008e500000| Untracked 
| 196|0x000000008e600000, 0x000000008e600000, 0x000000008e700000|  0%| F|  |TAMS 0x000000008e600000| PB 0x000000008e600000| Untracked 
| 197|0x000000008e700000, 0x000000008e700000, 0x000000008e800000|  0%| F|  |TAMS 0x000000008e700000| PB 0x000000008e700000| Untracked 

Card table byte_map: [0x000001eea19a0000,0x000001eea1d90000] _byte_map_base: 0x000001eea158f000

Marking Bits: (CMBitMap*) 0x000001ee89c429f0
 Bits: [0x000001eea1d90000, 0x000001eea3d08000)

Polling page: 0x000001ee87b20000

Metaspace:

Usage:
  Non-class:    618.42 KB used.
      Class:     56.76 KB used.
       Both:    675.18 KB used.

Virtual space:
  Non-class space:       64.00 MB reserved,     704.00 KB (  1%) committed,  1 nodes.
      Class space:        1.00 GB reserved,     128.00 KB ( <1%) committed,  1 nodes.
             Both:        1.06 GB reserved,     832.00 KB ( <1%) committed. 

Chunk freelists:
   Non-Class:  11.99 MB
       Class:  15.74 MB
        Both:  27.73 MB

MaxMetaspaceSize: unlimited
CompressedClassSpaceSize: 1.00 GB
Initial GC threshold: 21.00 MB
Current GC threshold: 21.00 MB
CDS: on
 - commit_granule_bytes: 65536.
 - commit_granule_words: 8192.
 - virtual_space_node_default_size: 8388608.
 - enlarge_chunks_in_place: 1.
 - use_allocation_guard: 0.


Internal statistics:

num_allocs_failed_limit: 0.
num_arena_births: 14.
num_arena_deaths: 0.
num_vsnodes_births: 2.
num_vsnodes_deaths: 0.
num_space_committed: 13.
num_space_uncommitted: 0.
num_chunks_returned_to_freelist: 0.
num_chunks_taken_from_freelist: 15.
num_chunk_merges: 0.
num_chunk_splits: 9.
num_chunks_enlarged: 5.
num_inconsistent_stats: 0.

CodeHeap 'non-profiled nmethods': size=120000Kb used=80Kb max_used=80Kb free=119919Kb
 bounds [0x000001ee99b20000, 0x000001ee99d90000, 0x000001eea1050000]
CodeHeap 'profiled nmethods': size=120000Kb used=277Kb max_used=277Kb free=119723Kb
 bounds [0x000001ee92050000, 0x000001ee922c0000, 0x000001ee99580000]
CodeHeap 'non-nmethods': size=5760Kb used=1293Kb max_used=1311Kb free=4466Kb
 bounds [0x000001ee99580000, 0x000001ee997f0000, 0x000001ee99b20000]
 total_blobs=639 nmethods=230 adapters=314
 compilation: enabled
              stopped_count=0, restarted_count=0
 full_count=0

Compilation events (20 events):
Event: 0.545 Thread 0x000001eea698d6c0  222       1       java.util.concurrent.locks.AbstractOwnableSynchronizer::getExclusiveOwnerThread (5 bytes)
Event: 0.545 Thread 0x000001eea698d6c0 nmethod 222 0x000001ee99b31210 code [0x000001ee99b313a0, 0x000001ee99b31468]
Event: 0.553 Thread 0x000001eea6978bd0  223       4       java.lang.StringConcatHelper::prepend (37 bytes)
Event: 0.558 Thread 0x000001eea6978bd0 nmethod 223 0x000001ee99b31510 code [0x000001ee99b316a0, 0x000001ee99b31870]
Event: 0.623 Thread 0x000001eea6978bd0  224       4       jdk.internal.misc.Unsafe::allocateUninitializedArray (55 bytes)
Event: 0.627 Thread 0x000001eea6978bd0 nmethod 224 0x000001ee99b31a10 code [0x000001ee99b31ba0, 0x000001ee99b31d98]
Event: 0.629 Thread 0x000001eea6978bd0  225       4       jdk.internal.misc.Unsafe::allocateUninitializedArray (55 bytes)
Event: 0.635 Thread 0x000001eea6978bd0 nmethod 225 0x000001ee99b31f10 code [0x000001ee99b320a0, 0x000001ee99b32290]
Event: 0.652 Thread 0x000001eea6978bd0  226       4       java.lang.StringConcatHelper::simpleConcat (94 bytes)
Event: 0.672 Thread 0x000001eea6978bd0 nmethod 226 0x000001ee99b32390 code [0x000001ee99b32580, 0x000001ee99b32b70]
Event: 0.672 Thread 0x000001eea6978bd0  227       4       java.lang.StringConcatHelper::newString (67 bytes)
Event: 0.674 Thread 0x000001eea6978bd0 nmethod 227 0x000001ee99b33090 code [0x000001ee99b33220, 0x000001ee99b33340]
Event: 0.706 Thread 0x000001eea6978bd0  228       4       java.lang.String::valueOf (15 bytes)
Event: 0.708 Thread 0x000001eea6978bd0 nmethod 228 0x000001ee99b33410 code [0x000001ee99b335a0, 0x000001ee99b33648]
Event: 0.708 Thread 0x000001eea6978bd0  229       4       java.lang.invoke.Invokers$Holder::linkToTargetMethod (10 bytes)
Event: 0.710 Thread 0x000001eea6978bd0 nmethod 229 0x000001ee99b33710 code [0x000001ee99b338a0, 0x000001ee99b33998]
Event: 0.710 Thread 0x000001eea6978bd0  230       4       java.lang.invoke.DelegatingMethodHandle$Holder::reinvoke_L (18 bytes)
Event: 0.711 Thread 0x000001eea6978bd0 nmethod 230 0x000001ee99b33a90 code [0x000001ee99b33c40, 0x000001ee99b33d88]
Event: 0.712 Thread 0x000001eea6978bd0  231       4       java.lang.invoke.DirectMethodHandle$Holder::invokeStatic (15 bytes)
Event: 0.713 Thread 0x000001eea6978bd0 nmethod 231 0x000001ee99b33f10 code [0x000001ee99b340a0, 0x000001ee99b34188]

GC Heap History (17 events):
Event: 0.537 GC heap before
{Heap before GC invocations=0 (full 0):
 garbage-first heap   total 129024K, used 22528K [0x0000000082200000, 0x0000000100000000)
  region size 1024K, 23 young (23552K), 0 survivors (0K)
 Metaspace       used 674K, committed 832K, reserved 1114112K
  class space    used 56K, committed 128K, reserved 1048576K
}
Event: 0.543 GC heap after
{Heap after GC invocations=1 (full 0):
 garbage-first heap   total 129024K, used 870K [0x0000000082200000, 0x0000000100000000)
  region size 1024K, 1 young (1024K), 1 survivors (1024K)
 Metaspace       used 674K, committed 832K, reserved 1114112K
  class space    used 56K, committed 128K, reserved 1048576K
}
Event: 0.596 GC heap before
{Heap before GC invocations=1 (full 0):
 garbage-first heap   total 129024K, used 35686K [0x0000000082200000, 0x0000000100000000)
  region size 1024K, 36 young (36864K), 1 survivors (1024K)
 Metaspace       used 675K, committed 832K, reserved 1114112K
  class space    used 56K, committed 128K, reserved 1048576K
}
Event: 0.601 GC heap after
{Heap after GC invocations=2 (full 0):
 garbage-first heap   total 129024K, used 806K [0x0000000082200000, 0x0000000100000000)
  region size 1024K, 1 young (1024K), 1 survivors (1024K)
 Metaspace       used 675K, committed 832K, reserved 1114112K
  class space    used 56K, committed 128K, reserved 1048576K
}
Event: 0.692 GC heap before
{Heap before GC invocations=2 (full 0):
 garbage-first heap   total 129024K, used 75558K [0x0000000082200000, 0x0000000100000000)
  region size 1024K, 75 young (76800K), 1 survivors (1024K)
 Metaspace       used 675K, committed 832K, reserved 1114112K
  class space    used 56K, committed 128K, reserved 1048576K
}
Event: 0.696 GC heap after
{Heap after GC invocations=3 (full 0):
 garbage-first heap   total 129024K, used 839K [0x0000000082200000, 0x0000000100000000)
  region size 1024K, 1 young (1024K), 1 survivors (1024K)
 Metaspace       used 675K, committed 832K, reserved 1114112K
  class space    used 56K, committed 128K, reserved 1048576K
}
Event: 0.736 GC heap before
{Heap before GC invocations=3 (full 0):
 garbage-first heap   total 129024K, used 75591K [0x0000000082200000, 0x0000000100000000)
  region size 1024K, 75 young (76800K), 1 survivors (1024K)
 Metaspace       used 675K, committed 832K, reserved 1114112K
  class space    used 56K, committed 128K, reserved 1048576K
}
Event: 0.740 GC heap after
{Heap after GC invocations=4 (full 0):
 garbage-first heap   total 129024K, used 798K [0x0000000082200000, 0x0000000100000000)
  region size 1024K, 1 young (1024K), 1 survivors (1024K)
 Metaspace       used 675K, committed 832K, reserved 1114112K
  class space    used 56K, committed 128K, reserved 1048576K
}
Event: 0.774 GC heap before
{Heap before GC invocations=4 (full 0):
 garbage-first heap   total 129024K, used 75550K [0x0000000082200000, 0x0000000100000000)
  region size 1024K, 75 young (76800K), 1 survivors (1024K)
 Metaspace       used 675K, committed 832K, reserved 1114112K
  class space    used 56K, committed 128K, reserved 1048576K
}
Event: 0.778 GC heap after
{Heap after GC invocations=5 (full 0):
 garbage-first heap   total 202752K, used 850K [0x0000000082200000, 0x0000000100000000)
  region size 1024K, 1 young (1024K), 1 survivors (1024K)
 Metaspace       used 675K, committed 832K, reserved 1114112K
  class space    used 56K, committed 128K, reserved 1048576K
}
Event: 0.973 GC heap before
{Heap before GC invocations=5 (full 0):
 garbage-first heap   total 202752K, used 119634K [0x0000000082200000, 0x0000000100000000)
  region size 1024K, 118 young (120832K), 1 survivors (1024K)
 Metaspace       used 675K, committed 832K, reserved 1114112K
  class space    used 56K, committed 128K, reserved 1048576K
}
Event: 0.977 GC heap after
{Heap after GC invocations=6 (full 0):
 garbage-first heap   total 202752K, used 897K [0x0000000082200000, 0x0000000100000000)
  region size 1024K, 1 young (1024K), 1 survivors (1024K)
 Metaspace       used 675K, committed 832K, reserved 1114112K
  class space    used 56K, committed 128K, reserved 1048576K
}
Event: 1.048 GC heap before
{Heap before GC invocations=6 (full 0):
 garbage-first heap   total 202752K, used 119681K [0x0000000082200000, 0x0000000100000000)
  region size 1024K, 118 young (120832K), 1 survivors (1024K)
 Metaspace       used 675K, committed 832K, reserved 1114112K
  class space    used 56K, committed 128K, reserved 1048576K
}
Event: 1.052 GC heap after
{Heap after GC invocations=7 (full 0):
 garbage-first heap   total 202752K, used 881K [0x0000000082200000, 0x0000000100000000)
  region size 1024K, 1 young (1024K), 1 survivors (1024K)
 Metaspace       used 675K, committed 832K, reserved 1114112K
  class space    used 56K, committed 128K, reserved 1048576K
}
Event: 1.130 GC heap before
{Heap before GC invocations=7 (full 0):
 garbage-first heap   total 202752K, used 119665K [0x0000000082200000, 0x0000000100000000)
  region size 1024K, 118 young (120832K), 1 survivors (1024K)
 Metaspace       used 675K, committed 832K, reserved 1114112K
  class space    used 56K, committed 128K, reserved 1048576K
}
Event: 1.134 GC heap after
{Heap after GC invocations=8 (full 0):
 garbage-first heap   total 202752K, used 850K [0x0000000082200000, 0x0000000100000000)
  region size 1024K, 1 young (1024K), 1 survivors (1024K)
 Metaspace       used 675K, committed 832K, reserved 1114112K
  class space    used 56K, committed 128K, reserved 1048576K
}
Event: 1.200 GC heap before
{Heap before GC invocations=8 (full 0):
 garbage-first heap   total 202752K, used 119634K [0x0000000082200000, 0x0000000100000000)
  region size 1024K, 118 young (120832K), 1 survivors (1024K)
 Metaspace       used 675K, committed 832K, reserved 1114112K
  class space    used 56K, committed 128K, reserved 1048576K
}

Dll operation events (4 events):
Event: 0.042 Loaded shared library C:\Program Files\Java\jdk-21\bin\java.dll
Event: 0.192 Loaded shared library C:\Program Files\Java\jdk-21\bin\jsvml.dll
Event: 0.294 Loaded shared library C:\Program Files\Java\jdk-21\bin\net.dll
Event: 0.302 Loaded shared library C:\Program Files\Java\jdk-21\bin\nio.dll

Deoptimization events (20 events):
Event: 0.454 Thread 0x000001ee878fc790 Uncommon trap: trap_request=0xffffff45 fr.pc=0x000001ee99b28e64 relative=0x00000000000000c4
Event: 0.454 Thread 0x000001ee878fc790 Uncommon trap: reason=unstable_if action=reinterpret pc=0x000001ee99b28e64 method=java.lang.String.isLatin1()Z @ 10 c2
Event: 0.454 Thread 0x000001ee878fc790 DEOPT PACKING pc=0x000001ee99b28e64 sp=0x0000001e6e6ff200
Event: 0.454 Thread 0x000001ee878fc790 DEOPT UNPACKING pc=0x000001ee995d46a2 sp=0x0000001e6e6ff140 mode 2
Event: 0.627 Thread 0x000001ee878fc790 Uncommon trap: trap_request=0xffffffde fr.pc=0x000001ee99b31cdc relative=0x000000000000013c
Event: 0.627 Thread 0x000001ee878fc790 Uncommon trap: reason=class_check action=maybe_recompile pc=0x000001ee99b31cdc method=jdk.internal.misc.Unsafe.allocateUninitializedArray(Ljava/lang/Class;I)Ljava/lang/Object; @ 51 c2
Event: 0.627 Thread 0x000001ee878fc790 DEOPT PACKING pc=0x000001ee99b31cdc sp=0x0000001e6e6ff450
Event: 0.627 Thread 0x000001ee878fc790 DEOPT UNPACKING pc=0x000001ee995d46a2 sp=0x0000001e6e6ff3c8 mode 2
Event: 0.627 Thread 0x000001ee878fc790 Uncommon trap: trap_request=0xffffffde fr.pc=0x000001ee99b31cdc relative=0x000000000000013c
Event: 0.627 Thread 0x000001ee878fc790 Uncommon trap: reason=class_check action=maybe_recompile pc=0x000001ee99b31cdc method=jdk.internal.misc.Unsafe.allocateUninitializedArray(Ljava/lang/Class;I)Ljava/lang/Object; @ 51 c2
Event: 0.627 Thread 0x000001ee878fc790 DEOPT PACKING pc=0x000001ee99b31cdc sp=0x0000001e6e6ff450
Event: 0.627 Thread 0x000001ee878fc790 DEOPT UNPACKING pc=0x000001ee995d46a2 sp=0x0000001e6e6ff3c8 mode 2
Event: 0.628 Thread 0x000001ee878fc790 Uncommon trap: trap_request=0xffffffde fr.pc=0x000001ee99b31cdc relative=0x000000000000013c
Event: 0.628 Thread 0x000001ee878fc790 Uncommon trap: reason=class_check action=maybe_recompile pc=0x000001ee99b31cdc method=jdk.internal.misc.Unsafe.allocateUninitializedArray(Ljava/lang/Class;I)Ljava/lang/Object; @ 51 c2
Event: 0.628 Thread 0x000001ee878fc790 DEOPT PACKING pc=0x000001ee99b31cdc sp=0x0000001e6e6ff450
Event: 0.628 Thread 0x000001ee878fc790 DEOPT UNPACKING pc=0x000001ee995d46a2 sp=0x0000001e6e6ff3c8 mode 2
Event: 0.628 Thread 0x000001ee878fc790 Uncommon trap: trap_request=0xffffffde fr.pc=0x000001ee99b31cdc relative=0x000000000000013c
Event: 0.628 Thread 0x000001ee878fc790 Uncommon trap: reason=class_check action=maybe_recompile pc=0x000001ee99b31cdc method=jdk.internal.misc.Unsafe.allocateUninitializedArray(Ljava/lang/Class;I)Ljava/lang/Object; @ 51 c2
Event: 0.628 Thread 0x000001ee878fc790 DEOPT PACKING pc=0x000001ee99b31cdc sp=0x0000001e6e6ff450
Event: 0.628 Thread 0x000001ee878fc790 DEOPT UNPACKING pc=0x000001ee995d46a2 sp=0x0000001e6e6ff3c8 mode 2

Classes loaded (20 events):
Event: 0.354 Loading class java/nio/file/DirectoryStream done
Event: 0.354 Loading class sun/nio/fs/WindowsDirectoryStream done
Event: 0.355 Loading class java/nio/file/FileTreeWalker$DirectoryNode
Event: 0.355 Loading class java/nio/file/FileTreeWalker$DirectoryNode done
Event: 0.355 Loading class sun/nio/fs/WindowsDirectoryStream$WindowsDirectoryIterator
Event: 0.355 Loading class sun/nio/fs/WindowsDirectoryStream$WindowsDirectoryIterator done
Event: 0.355 Loading class java/nio/file/FileTreeWalker$Event
Event: 0.355 Loading class java/nio/file/FileTreeWalker$Event done
Event: 0.355 Loading class java/nio/file/FileTreeWalker$EventType
Event: 0.356 Loading class java/nio/file/FileTreeWalker$EventType done
Event: 0.380 Loading class sun/nio/fs/WindowsPath$WindowsPathWithAttributes
Event: 0.380 Loading class sun/nio/fs/BasicFileAttributesHolder
Event: 0.381 Loading class sun/nio/fs/BasicFileAttributesHolder done
Event: 0.381 Loading class sun/nio/fs/WindowsPath$WindowsPathWithAttributes done
Event: 0.413 Loading class jdk/internal/module/ModuleReferenceImpl$CachedHash
Event: 0.413 Loading class jdk/internal/module/ModuleReferenceImpl$CachedHash done
Event: 0.455 Loading class jdk/internal/module/ModuleReferences$ExplodedModuleReader
Event: 0.456 Loading class jdk/internal/module/ModuleReferences$ExplodedModuleReader done
Event: 0.456 Loading class jdk/internal/module/ModulePatcher$PatchedModuleReader
Event: 0.456 Loading class jdk/internal/module/ModulePatcher$PatchedModuleReader done

Classes unloaded (0 events):
No events

Classes redefined (0 events):
No events

Internal exceptions (2 events):
Event: 0.357 Thread 0x000001ee878fc790 Exception <a 'java/lang/NoSuchMethodError'{0x0000000089e37408}: 'void java.lang.invoke.DirectMethodHandle$Holder.invokeVirtual(java.lang.Object, java.lang.Object)'> (0x0000000089e37408) 
thrown [s\open\src\hotspot\share\interpreter\linkResolver.cpp, line 773]
Event: 0.363 Thread 0x000001ee878fc790 Exception <a 'java/lang/NoSuchMethodError'{0x0000000089e42518}: 'java.lang.Object java.lang.invoke.DirectMethodHandle$Holder.invokeInterface(java.lang.Object, java.lang.Object, java.lang.Object)'> (0x0000000089e42518) 
thrown [s\open\src\hotspot\share\interpreter\linkResolver.cpp, line 773]

ZGC Phase Switch (0 events):
No events

VM Operations (17 events):
Event: 0.536 Executing VM operation: G1CollectForAllocation (G1 Evacuation Pause)
Event: 0.543 Executing VM operation: G1CollectForAllocation (G1 Evacuation Pause) done
Event: 0.596 Executing VM operation: G1CollectForAllocation (G1 Evacuation Pause)
Event: 0.601 Executing VM operation: G1CollectForAllocation (G1 Evacuation Pause) done
Event: 0.692 Executing VM operation: G1CollectForAllocation (G1 Evacuation Pause)
Event: 0.696 Executing VM operation: G1CollectForAllocation (G1 Evacuation Pause) done
Event: 0.736 Executing VM operation: G1CollectForAllocation (G1 Evacuation Pause)
Event: 0.740 Executing VM operation: G1CollectForAllocation (G1 Evacuation Pause) done
Event: 0.774 Executing VM operation: G1CollectForAllocation (G1 Evacuation Pause)
Event: 0.778 Executing VM operation: G1CollectForAllocation (G1 Evacuation Pause) done
Event: 0.973 Executing VM operation: G1CollectForAllocation (G1 Evacuation Pause)
Event: 0.977 Executing VM operation: G1CollectForAllocation (G1 Evacuation Pause) done
Event: 1.048 Executing VM operation: G1CollectForAllocation (G1 Evacuation Pause)
Event: 1.052 Executing VM operation: G1CollectForAllocation (G1 Evacuation Pause) done
Event: 1.130 Executing VM operation: G1CollectForAllocation (G1 Evacuation Pause)
Event: 1.134 Executing VM operation: G1CollectForAllocation (G1 Evacuation Pause) done
Event: 1.199 Executing VM operation: G1CollectForAllocation (G1 Evacuation Pause)

Events (11 events):
Event: 0.119 Thread 0x000001ee878fc790 Thread added: 0x000001ee878fc790
Event: 0.182 Thread 0x000001eea6963f70 Thread added: 0x000001eea6963f70
Event: 0.183 Thread 0x000001eea69650a0 Thread added: 0x000001eea69650a0
Event: 0.184 Thread 0x000001eea69670f0 Thread added: 0x000001eea69670f0
Event: 0.184 Thread 0x000001eea6967c50 Thread added: 0x000001eea6967c50
Event: 0.184 Thread 0x000001eea69687e0 Thread added: 0x000001eea69687e0
Event: 0.184 Thread 0x000001eea696d3c0 Thread added: 0x000001eea696d3c0
Event: 0.185 Thread 0x000001eea6978bd0 Thread added: 0x000001eea6978bd0
Event: 0.185 Thread 0x000001eea698d6c0 Thread added: 0x000001eea698d6c0
Event: 0.276 Thread 0x000001eea6b8ce90 Thread added: 0x000001eea6b8ce90
Event: 0.451 Thread 0x000001eea6c3a570 Thread added: 0x000001eea6c3a570


Dynamic libraries:
0x00007ff649390000 - 0x00007ff6493a0000 	C:\Program Files\Java\jdk-21\bin\javaw.exe
0x00007ffa91710000 - 0x00007ffa91927000 	C:\WINDOWS\SYSTEM32\ntdll.dll
0x00007ffa90100000 - 0x00007ffa901c4000 	C:\WINDOWS\System32\KERNEL32.DLL
0x00007ffa8ea40000 - 0x00007ffa8edec000 	C:\WINDOWS\System32\KERNELBASE.dll
0x00007ffa8ef30000 - 0x00007ffa8f041000 	C:\WINDOWS\System32\ucrtbase.dll
0x00007ffa7dcd0000 - 0x00007ffa7dce9000 	C:\Program Files\Java\jdk-21\bin\jli.dll
0x00007ffa7d350000 - 0x00007ffa7d36b000 	C:\Program Files\Java\jdk-21\bin\VCRUNTIME140.dll
0x00007ffa91210000 - 0x00007ffa912c2000 	C:\WINDOWS\System32\ADVAPI32.dll
0x00007ffa8fac0000 - 0x00007ffa8fb67000 	C:\WINDOWS\System32\msvcrt.dll
0x00007ffa90460000 - 0x00007ffa9050a000 	C:\WINDOWS\System32\sechost.dll
0x00007ffa8f300000 - 0x00007ffa8f328000 	C:\WINDOWS\System32\bcrypt.dll
0x00007ffa8f870000 - 0x00007ffa8f985000 	C:\WINDOWS\System32\RPCRT4.dll
0x00007ffa91510000 - 0x00007ffa916be000 	C:\WINDOWS\System32\USER32.dll
0x00007ffa8f0c0000 - 0x00007ffa8f0e6000 	C:\WINDOWS\System32\win32u.dll
0x00007ffa8f990000 - 0x00007ffa8f9b9000 	C:\WINDOWS\System32\GDI32.dll
0x00007ffa8f330000 - 0x00007ffa8f449000 	C:\WINDOWS\System32\gdi32full.dll
0x00007ffa8f260000 - 0x00007ffa8f2fa000 	C:\WINDOWS\System32\msvcp_win.dll
0x00007ffa785f0000 - 0x00007ffa78883000 	C:\WINDOWS\WinSxS\amd64_microsoft.windows.common-controls_6595b64144ccf1df_6.0.22621.3672_none_2713b9d173822955\COMCTL32.dll
0x00007ffa86740000 - 0x00007ffa8674a000 	C:\WINDOWS\SYSTEM32\VERSION.dll
0x00007ffa903a0000 - 0x00007ffa903d1000 	C:\WINDOWS\System32\IMM32.DLL
0x00007ffa89470000 - 0x00007ffa8947c000 	C:\Program Files\Java\jdk-21\bin\vcruntime140_1.dll
0x00007ffa59120000 - 0x00007ffa591ae000 	C:\Program Files\Java\jdk-21\bin\msvcp140.dll
0x00007ffa161c0000 - 0x00007ffa16ed7000 	C:\Program Files\Java\jdk-21\bin\server\jvm.dll
0x00007ffa91490000 - 0x00007ffa91501000 	C:\WINDOWS\System32\WS2_32.dll
0x00007ffa8d8d0000 - 0x00007ffa8d91d000 	C:\WINDOWS\SYSTEM32\POWRPROF.dll
0x00007ffa88200000 - 0x00007ffa88234000 	C:\WINDOWS\SYSTEM32\WINMM.dll
0x00007ffa8d8b0000 - 0x00007ffa8d8c3000 	C:\WINDOWS\SYSTEM32\UMPDC.dll
0x00007ffa8db60000 - 0x00007ffa8db78000 	C:\WINDOWS\SYSTEM32\kernel.appcore.dll
0x00007ffa86dc0000 - 0x00007ffa86dca000 	C:\Program Files\Java\jdk-21\bin\jimage.dll
0x00007ffa8c3a0000 - 0x00007ffa8c5d2000 	C:\WINDOWS\SYSTEM32\DBGHELP.DLL
0x00007ffa8f450000 - 0x00007ffa8f7d8000 	C:\WINDOWS\System32\combase.dll
0x00007ffa90670000 - 0x00007ffa90747000 	C:\WINDOWS\System32\OLEAUT32.dll
0x00007ffa5f0c0000 - 0x00007ffa5f0f2000 	C:\WINDOWS\SYSTEM32\dbgcore.DLL
0x00007ffa8edf0000 - 0x00007ffa8ee6b000 	C:\WINDOWS\System32\bcryptPrimitives.dll
0x00007ffa77c30000 - 0x00007ffa77c4f000 	C:\Program Files\Java\jdk-21\bin\java.dll
0x00007ffa90750000 - 0x00007ffa90fac000 	C:\WINDOWS\System32\SHELL32.dll
0x00007ffa8c990000 - 0x00007ffa8d287000 	C:\WINDOWS\SYSTEM32\windows.storage.dll
0x00007ffa8c850000 - 0x00007ffa8c98f000 	C:\WINDOWS\SYSTEM32\wintypes.dll
0x00007ffa91110000 - 0x00007ffa91204000 	C:\WINDOWS\System32\SHCORE.dll
0x00007ffa90550000 - 0x00007ffa905ae000 	C:\WINDOWS\System32\shlwapi.dll
0x00007ffa8e970000 - 0x00007ffa8e991000 	C:\WINDOWS\SYSTEM32\profapi.dll
0x00007ffa54710000 - 0x00007ffa547e7000 	C:\Program Files\Java\jdk-21\bin\jsvml.dll
0x00007ffa86c90000 - 0x00007ffa86ca0000 	C:\Program Files\Java\jdk-21\bin\net.dll
0x00007ffa88570000 - 0x00007ffa886a6000 	C:\WINDOWS\SYSTEM32\WINHTTP.dll
0x00007ffa8dfd0000 - 0x00007ffa8e039000 	C:\WINDOWS\system32\mswsock.dll
0x00007ffa71dd0000 - 0x00007ffa71de6000 	C:\Program Files\Java\jdk-21\bin\nio.dll

dbghelp: loaded successfully - version: 4.0.5 - missing functions: none
symbol engine: initialized successfully - sym options: 0x614 - pdb path: .;C:\Program Files\Java\jdk-21\bin;C:\WINDOWS\SYSTEM32;C:\WINDOWS\WinSxS\amd64_microsoft.windows.common-controls_6595b64144ccf1df_6.0.22621.3672_none_2713b9d173822955;C:\Program Files\Java\jdk-21\bin\server

VM Arguments:
jvm_args: -Dfile.encoding=UTF-8 -Dstdout.encoding=UTF-8 -Dstderr.encoding=UTF-8 --module-path=C:\Users\vigne\eclipse-workspace\Mynewprojecct\bin -XX:+ShowCodeDetailsInExceptionMessages -Djdk.module.main=Mynewprojecct 
java_command: Mynewprojecct/myNewPackage.Reverse
java_class_path (initial): <not set>
Launcher Type: SUN_STANDARD

[Global flags]
     intx CICompilerCount                          = 4                                         {product} {ergonomic}
     uint ConcGCThreads                            = 3                                         {product} {ergonomic}
     uint G1ConcRefinementThreads                  = 10                                        {product} {ergonomic}
   size_t G1HeapRegionSize                         = 1048576                                   {product} {ergonomic}
    uintx GCDrainStackTargetSize                   = 64                                        {product} {ergonomic}
   size_t InitialHeapSize                          = 132120576                                 {product} {ergonomic}
   size_t MarkStackSize                            = 4194304                                   {product} {ergonomic}
   size_t MaxHeapSize                              = 2111832064                                {product} {ergonomic}
   size_t MaxNewSize                               = 1266679808                                {product} {ergonomic}
   size_t MinHeapDeltaBytes                        = 1048576                                   {product} {ergonomic}
   size_t MinHeapSize                              = 8388608                                   {product} {ergonomic}
    uintx NonNMethodCodeHeapSize                   = 5839372                                {pd product} {ergonomic}
    uintx NonProfiledCodeHeapSize                  = 122909434                              {pd product} {ergonomic}
    uintx ProfiledCodeHeapSize                     = 122909434                              {pd product} {ergonomic}
    uintx ReservedCodeCacheSize                    = 251658240                              {pd product} {ergonomic}
     bool SegmentedCodeCache                       = true                                      {product} {ergonomic}
     bool ShowCodeDetailsInExceptionMessages       = true                                   {manageable} {command line}
   size_t SoftMaxHeapSize                          = 2111832064                             {manageable} {ergonomic}
     bool UseCompressedOops                        = true                           {product lp64_product} {ergonomic}
     bool UseG1GC                                  = true                                      {product} {ergonomic}
     bool UseLargePagesIndividualAllocation        = false                                  {pd product} {ergonomic}

Logging:
Log output configuration:
 #0: stdout all=warning uptime,level,tags foldmultilines=false
 #1: stderr all=off uptime,level,tags foldmultilines=false

Environment Variables:
JAVA_HOME=C:\Users\vigne\jdk-11
PATH=C:\Program Files\Common Files\Oracle\Java\javapath;D:\Informatica\clients\tools\datadirect;C:\Informatica\10.2.0\java\jre\bin\server;C:\Informatica\10.2.0\tools\odbcdrv;C:\Informatica\10.2.0\tools\jdbcdrv;C:\Informatica\10.2.0\tools\sharedlibs;C:\Informatica\10.2.0\tools\datadirect;C:\oraclexe\app\oracle\product\11.2.0\server\bin;;C:\Program Files\Open SHH\OpenSSH-Win64;C:\Users\vigne\ORACLE21C\WINDOWS.X64_213000_db_home\bin;D:\Informatica\clients\tools\datadirect;D:\Informatica\java\jre\bin\server;D:\Informatica\tools\odbcdrv;D:\Informatica\tools\jdbcdrv;D:\Informatica\tools\sharedlibs;D:\Informatica\tools\datadirect;D:\Resume\app\oracle\product\11.2.0\server\bin;C:\Program Files (x86)\VMware\VMware Player\bin\;C:\Informatica\9.0.1\clients\tools\datadirect;C:\Informatica\9.0.1\tools\datadirect;C:\Program Files (x86)\Intel\Intel(R) Management Engine Components\iCLS\;C:\Program Files\Intel\Intel(R) Management Engine Components\iCLS\;C:\Windows\system32;C:\Windows;C:\Windows\System32\Wbem;C:\Windows\System32\WindowsPowerShell\v1.0\;C:\Windows\System32\OpenSSH\;C:\Program Files (x86)\NVIDIA Corporation\PhysX\Common;C:\Program Files (x86)\Intel\Intel(R) Management Engine Components\DAL;C:\Program Files\Intel\Intel(R) Management Engine Components\DAL;C:\Program Files (x86)\Intel\Intel(R) Management Engine Components\IPT;C:\Program Files\Intel\Intel(R) Management Engine Components\IPT;C:\Program Files\Intel\WiFi\bin\;C:\Program Files\Common Files\Intel\WirelessCommon\;C:\WINDOWS\system32;C:\WINDOWS;C:\WINDOWS\System32\Wbem;C:\WINDOWS\System32\WindowsPowerShell\v1.0\;C:\WINDOWS\System32\OpenSSH\;D:\Python Projects;D:\Python Projects\Jarvis;C:\Program Files\Git\cmd;%PYSPARK_PYTHON%\bin;C:\Users\vigne\jdk-11\bin;C:\Program Files\PuTTY\;C:\Users\vigne\AppData\Local\Programs\Python\Python311\Lib\site-packages\boto3;C:\Users\vigne\AppData\Local\Programs\Python\Python311\Lib\site-packages\psycopg2;C:\Program Files\Amazon\AWSCLIV2\;C:\Program Files\nodejs\;C:\Users\vigne\AppData\Local\Programs\Python\Python311\Scripts\;C:\Users\vigne\AppData\Local\Programs\Python\Python311\;C:\Users\vigne\AppData\Local\Microsoft\WindowsApps;C:\Users\vigne\.dotnet\tools;C:\Users\vigne\AppData\Local\Programs\Microsoft VS Code\bin;C:\Users\vigne\AppData\Local\Programs\Python\Python311\Lib\site-packages\pyspark;C:\Users\vigne\jdk-11;;C:\Users\vigne\AppData\Local\Microsoft\WindowsApps;C:\Users\vigne\AppData\Roaming\npm
USERNAME=vigne
OS=Windows_NT
PROCESSOR_IDENTIFIER=Intel64 Family 6 Model 158 Stepping 10, GenuineIntel
TMP=C:\Users\vigne\AppData\Local\Temp
TEMP=C:\Users\vigne\AppData\Local\Temp




Periodic native trim disabled

---------------  S Y S T E M  ---------------

OS:
 Windows 11 , 64 bit Build 22621 (10.0.22621.3672)
OS uptime: 2 days 0:29 hours

CPU: total 12 (initial active 12) (6 cores per cpu, 2 threads per core) family 6 model 158 stepping 10 microcode 0xde, cx8, cmov, fxsr, ht, mmx, 3dnowpref, sse, sse2, sse3, ssse3, sse4.1, sse4.2, popcnt, lzcnt, tsc, tscinvbit, avx, avx2, aes, erms, clmul, bmi1, bmi2, adx, fma, vzeroupper, clflush, clflushopt, rdtscp, f16c
Processor Information for all 12 processors :
  Max Mhz: 2208, Current Mhz: 2208, Mhz Limit: 2208

Memory: 4k page, system-wide physical 8051M (885M free)
TotalPageFile size 19754M (AvailPageFile size 67M)
current process WorkingSet (physical memory assigned to process): 184M, peak: 184M
current process commit charge ("private bytes"): 286M, peak: 386M

vm_info: Java HotSpot(TM) 64-Bit Server VM (21.0.2+13-LTS-58) for windows-amd64 JRE (21.0.2+13-LTS-58), built on 2024-01-05T18:32:24Z by "mach5one" with MS VC++ 17.1 (VS2022)

END.
